Analysis & Synthesis report for DE1_SoC
Wed May 31 12:28:34 2023
Quartus Prime Version 17.0.0 Build 595 04/25/2017 SJ Lite Edition


---------------------
; Table of Contents ;
---------------------
  1. Legal Notice
  2. Analysis & Synthesis Summary
  3. Analysis & Synthesis Settings
  4. Parallel Compilation
  5. Analysis & Synthesis Source Files Read
  6. Analysis & Synthesis Resource Usage Summary
  7. Analysis & Synthesis Resource Utilization by Entity
  8. Registers Removed During Synthesis
  9. Removed Registers Triggering Further Register Optimizations
 10. General Register Statistics
 11. Multiplexer Restructuring Statistics (Restructuring Performed)
 12. Parameter Settings for User Entity Instance: LEDDriver:Driver
 13. Port Connectivity Checks: "pixel_norm:pn_00|adjacent_lights_counter:alc"
 14. Port Connectivity Checks: "pixel_selected:p_slct|pixel_selected_coords:psc"
 15. Port Connectivity Checks: "pixel_selected:p_slct"
 16. Port Connectivity Checks: "LEDDriver:Driver"
 17. Port Connectivity Checks: "clock_divider:divider"
 18. Post-Synthesis Netlist Statistics for Top Partition
 19. Elapsed Time Per Partition
 20. Analysis & Synthesis Messages
 21. Analysis & Synthesis Suppressed Messages



----------------
; Legal Notice ;
----------------
Copyright (C) 2017  Intel Corporation. All rights reserved.
Your use of Intel Corporation's design tools, logic functions 
and other software and tools, and its AMPP partner logic 
functions, and any output files from any of the foregoing 
(including device programming or simulation files), and any 
associated documentation or information are expressly subject 
to the terms and conditions of the Intel Program License 
Subscription Agreement, the Intel Quartus Prime License Agreement,
the Intel MegaCore Function License Agreement, or other 
applicable license agreement, including, without limitation, 
that your use is for the sole purpose of programming logic 
devices manufactured by Intel and sold by Intel or its 
authorized distributors.  Please refer to the applicable 
agreement for further details.



+-------------------------------------------------------------------------------+
; Analysis & Synthesis Summary                                                  ;
+---------------------------------+---------------------------------------------+
; Analysis & Synthesis Status     ; Successful - Wed May 31 12:28:34 2023       ;
; Quartus Prime Version           ; 17.0.0 Build 595 04/25/2017 SJ Lite Edition ;
; Revision Name                   ; DE1_SoC                                     ;
; Top-level Entity Name           ; DE1_SoC                                     ;
; Family                          ; Cyclone V                                   ;
; Logic utilization (in ALMs)     ; N/A                                         ;
; Total registers                 ; 51                                          ;
; Total pins                      ; 103                                         ;
; Total virtual pins              ; 0                                           ;
; Total block memory bits         ; 0                                           ;
; Total DSP Blocks                ; 0                                           ;
; Total HSSI RX PCSs              ; 0                                           ;
; Total HSSI PMA RX Deserializers ; 0                                           ;
; Total HSSI TX PCSs              ; 0                                           ;
; Total HSSI PMA TX Serializers   ; 0                                           ;
; Total PLLs                      ; 0                                           ;
; Total DLLs                      ; 0                                           ;
+---------------------------------+---------------------------------------------+


+---------------------------------------------------------------------------------------------------------------------------+
; Analysis & Synthesis Settings                                                                                             ;
+---------------------------------------------------------------------------------+--------------------+--------------------+
; Option                                                                          ; Setting            ; Default Value      ;
+---------------------------------------------------------------------------------+--------------------+--------------------+
; Device                                                                          ; 5CSEMA5F31C6       ;                    ;
; Top-level entity name                                                           ; DE1_SoC            ; DE1_SoC            ;
; Family name                                                                     ; Cyclone V          ; Cyclone V          ;
; State Machine Processing                                                        ; User-Encoded       ; Auto               ;
; Use smart compilation                                                           ; Off                ; Off                ;
; Enable parallel Assembler and TimeQuest Timing Analyzer during compilation      ; On                 ; On                 ;
; Enable compact report table                                                     ; Off                ; Off                ;
; Restructure Multiplexers                                                        ; Auto               ; Auto               ;
; MLAB Add Timing Constraints For Mixed-Port Feed-Through Mode Setting Don't Care ; Off                ; Off                ;
; Create Debugging Nodes for IP Cores                                             ; Off                ; Off                ;
; Preserve fewer node names                                                       ; On                 ; On                 ;
; OpenCore Plus hardware evaluation                                               ; Enable             ; Enable             ;
; Verilog Version                                                                 ; Verilog_2001       ; Verilog_2001       ;
; VHDL Version                                                                    ; VHDL_1993          ; VHDL_1993          ;
; Safe State Machine                                                              ; Off                ; Off                ;
; Extract Verilog State Machines                                                  ; On                 ; On                 ;
; Extract VHDL State Machines                                                     ; On                 ; On                 ;
; Ignore Verilog initial constructs                                               ; Off                ; Off                ;
; Iteration limit for constant Verilog loops                                      ; 5000               ; 5000               ;
; Iteration limit for non-constant Verilog loops                                  ; 250                ; 250                ;
; Add Pass-Through Logic to Inferred RAMs                                         ; On                 ; On                 ;
; Infer RAMs from Raw Logic                                                       ; On                 ; On                 ;
; Parallel Synthesis                                                              ; On                 ; On                 ;
; DSP Block Balancing                                                             ; Auto               ; Auto               ;
; NOT Gate Push-Back                                                              ; On                 ; On                 ;
; Power-Up Don't Care                                                             ; On                 ; On                 ;
; Remove Redundant Logic Cells                                                    ; Off                ; Off                ;
; Remove Duplicate Registers                                                      ; On                 ; On                 ;
; Ignore CARRY Buffers                                                            ; Off                ; Off                ;
; Ignore CASCADE Buffers                                                          ; Off                ; Off                ;
; Ignore GLOBAL Buffers                                                           ; Off                ; Off                ;
; Ignore ROW GLOBAL Buffers                                                       ; Off                ; Off                ;
; Ignore LCELL Buffers                                                            ; Off                ; Off                ;
; Ignore SOFT Buffers                                                             ; On                 ; On                 ;
; Limit AHDL Integers to 32 Bits                                                  ; Off                ; Off                ;
; Optimization Technique                                                          ; Balanced           ; Balanced           ;
; Carry Chain Length                                                              ; 70                 ; 70                 ;
; Auto Carry Chains                                                               ; On                 ; On                 ;
; Auto Open-Drain Pins                                                            ; On                 ; On                 ;
; Perform WYSIWYG Primitive Resynthesis                                           ; Off                ; Off                ;
; Auto ROM Replacement                                                            ; On                 ; On                 ;
; Auto RAM Replacement                                                            ; On                 ; On                 ;
; Auto DSP Block Replacement                                                      ; On                 ; On                 ;
; Auto Shift Register Replacement                                                 ; Auto               ; Auto               ;
; Allow Shift Register Merging across Hierarchies                                 ; Auto               ; Auto               ;
; Auto Clock Enable Replacement                                                   ; On                 ; On                 ;
; Strict RAM Replacement                                                          ; Off                ; Off                ;
; Allow Synchronous Control Signals                                               ; On                 ; On                 ;
; Force Use of Synchronous Clear Signals                                          ; Off                ; Off                ;
; Auto Resource Sharing                                                           ; Off                ; Off                ;
; Allow Any RAM Size For Recognition                                              ; Off                ; Off                ;
; Allow Any ROM Size For Recognition                                              ; Off                ; Off                ;
; Allow Any Shift Register Size For Recognition                                   ; Off                ; Off                ;
; Use LogicLock Constraints during Resource Balancing                             ; On                 ; On                 ;
; Ignore translate_off and synthesis_off directives                               ; Off                ; Off                ;
; Timing-Driven Synthesis                                                         ; On                 ; On                 ;
; Report Parameter Settings                                                       ; On                 ; On                 ;
; Report Source Assignments                                                       ; On                 ; On                 ;
; Report Connectivity Checks                                                      ; On                 ; On                 ;
; Ignore Maximum Fan-Out Assignments                                              ; Off                ; Off                ;
; Synchronization Register Chain Length                                           ; 3                  ; 3                  ;
; PowerPlay Power Optimization During Synthesis                                   ; Normal compilation ; Normal compilation ;
; HDL message level                                                               ; Level2             ; Level2             ;
; Suppress Register Optimization Related Messages                                 ; Off                ; Off                ;
; Number of Removed Registers Reported in Synthesis Report                        ; 5000               ; 5000               ;
; Number of Swept Nodes Reported in Synthesis Report                              ; 5000               ; 5000               ;
; Number of Inverted Registers Reported in Synthesis Report                       ; 100                ; 100                ;
; Clock MUX Protection                                                            ; On                 ; On                 ;
; Auto Gated Clock Conversion                                                     ; Off                ; Off                ;
; Block Design Naming                                                             ; Auto               ; Auto               ;
; SDC constraint protection                                                       ; Off                ; Off                ;
; Synthesis Effort                                                                ; Auto               ; Auto               ;
; Shift Register Replacement - Allow Asynchronous Clear Signal                    ; On                 ; On                 ;
; Pre-Mapping Resynthesis Optimization                                            ; Off                ; Off                ;
; Analysis & Synthesis Message Level                                              ; Medium             ; Medium             ;
; Disable Register Merging Across Hierarchies                                     ; Auto               ; Auto               ;
; Resource Aware Inference For Block RAM                                          ; On                 ; On                 ;
; Automatic Parallel Synthesis                                                    ; On                 ; On                 ;
; Partial Reconfiguration Bitstream ID                                            ; Off                ; Off                ;
+---------------------------------------------------------------------------------+--------------------+--------------------+


+------------------------------------------+
; Parallel Compilation                     ;
+----------------------------+-------------+
; Processors                 ; Number      ;
+----------------------------+-------------+
; Number detected on machine ; 8           ;
; Maximum allowed            ; 4           ;
;                            ;             ;
; Average used               ; 1.00        ;
; Maximum used               ; 4           ;
;                            ;             ;
; Usage by Processor         ; % Time Used ;
;     Processor 1            ; 100.0%      ;
;     Processors 2-4         ;   0.0%      ;
+----------------------------+-------------+


+--------------------------------------------------------------------------------------------------------------------------------------------------------------+
; Analysis & Synthesis Source Files Read                                                                                                                       ;
+----------------------------------+-----------------+------------------------------+----------------------------------------------------------------+---------+
; File Name with User-Entered Path ; Used in Netlist ; File Type                    ; File Name with Absolute Path                                   ; Library ;
+----------------------------------+-----------------+------------------------------+----------------------------------------------------------------+---------+
; pixel_selected_coords.sv         ; yes             ; User SystemVerilog HDL File  ; C:/Users/Anna/Documents/ee-271/lab8/pixel_selected_coords.sv   ;         ;
; pixel_selected.sv                ; yes             ; User SystemVerilog HDL File  ; C:/Users/Anna/Documents/ee-271/lab8/pixel_selected.sv          ;         ;
; pixel_norm.sv                    ; yes             ; User SystemVerilog HDL File  ; C:/Users/Anna/Documents/ee-271/lab8/pixel_norm.sv              ;         ;
; adjacent_lights_counter.sv       ; yes             ; User SystemVerilog HDL File  ; C:/Users/Anna/Documents/ee-271/lab8/adjacent_lights_counter.sv ;         ;
; LEDDriver.sv                     ; yes             ; User SystemVerilog HDL File  ; C:/Users/Anna/Documents/ee-271/lab8/LEDDriver.sv               ;         ;
; DE1_SoC.sv                       ; yes             ; User SystemVerilog HDL File  ; C:/Users/Anna/Documents/ee-271/lab8/DE1_SoC.sv                 ;         ;
; clock_divider.sv                 ; yes             ; User SystemVerilog HDL File  ; C:/Users/Anna/Documents/ee-271/lab8/clock_divider.sv           ;         ;
+----------------------------------+-----------------+------------------------------+----------------------------------------------------------------+---------+


+----------------------------------------------------------------------------------------+
; Analysis & Synthesis Resource Usage Summary                                            ;
+---------------------------------------------+------------------------------------------+
; Resource                                    ; Usage                                    ;
+---------------------------------------------+------------------------------------------+
; Estimate of Logic utilization (ALMs needed) ; 55                                       ;
;                                             ;                                          ;
; Combinational ALUT usage for logic          ; 86                                       ;
;     -- 7 input functions                    ; 3                                        ;
;     -- 6 input functions                    ; 20                                       ;
;     -- 5 input functions                    ; 21                                       ;
;     -- 4 input functions                    ; 9                                        ;
;     -- <=3 input functions                  ; 33                                       ;
;                                             ;                                          ;
; Dedicated logic registers                   ; 51                                       ;
;                                             ;                                          ;
; I/O pins                                    ; 103                                      ;
;                                             ;                                          ;
; Total DSP Blocks                            ; 0                                        ;
;                                             ;                                          ;
; Maximum fan-out node                        ; clock_divider:divider|divided_clocks[14] ;
; Maximum fan-out                             ; 37                                       ;
; Total fan-out                               ; 591                                      ;
; Average fan-out                             ; 1.72                                     ;
+---------------------------------------------+------------------------------------------+


+----------------------------------------------------------------------------------------------------------------------------------------------------------------------------------------------------------------------------------------------+
; Analysis & Synthesis Resource Utilization by Entity                                                                                                                                                                                          ;
+-----------------------------------+---------------------+---------------------------+-------------------+------------+------+--------------+----------------------------------------------------------+-----------------------+--------------+
; Compilation Hierarchy Node        ; Combinational ALUTs ; Dedicated Logic Registers ; Block Memory Bits ; DSP Blocks ; Pins ; Virtual Pins ; Full Hierarchy Name                                      ; Entity Name           ; Library Name ;
+-----------------------------------+---------------------+---------------------------+-------------------+------------+------+--------------+----------------------------------------------------------+-----------------------+--------------+
; |DE1_SoC                          ; 86 (17)             ; 51 (9)                    ; 0                 ; 0          ; 103  ; 0            ; |DE1_SoC                                                 ; DE1_SoC               ; work         ;
;    |LEDDriver:Driver|             ; 16 (16)             ; 4 (4)                     ; 0                 ; 0          ; 0    ; 0            ; |DE1_SoC|LEDDriver:Driver                                ; LEDDriver             ; work         ;
;    |clock_divider:divider|        ; 15 (15)             ; 15 (15)                   ; 0                 ; 0          ; 0    ; 0            ; |DE1_SoC|clock_divider:divider                           ; clock_divider         ; work         ;
;    |pixel_norm:pn_00|             ; 3 (3)               ; 4 (4)                     ; 0                 ; 0          ; 0    ; 0            ; |DE1_SoC|pixel_norm:pn_00                                ; pixel_norm            ; work         ;
;    |pixel_norm:pn_01|             ; 2 (2)               ; 2 (2)                     ; 0                 ; 0          ; 0    ; 0            ; |DE1_SoC|pixel_norm:pn_01                                ; pixel_norm            ; work         ;
;    |pixel_norm:pn_02|             ; 2 (2)               ; 2 (2)                     ; 0                 ; 0          ; 0    ; 0            ; |DE1_SoC|pixel_norm:pn_02                                ; pixel_norm            ; work         ;
;    |pixel_norm:pn_03|             ; 2 (2)               ; 2 (2)                     ; 0                 ; 0          ; 0    ; 0            ; |DE1_SoC|pixel_norm:pn_03                                ; pixel_norm            ; work         ;
;    |pixel_norm:pn_10|             ; 2 (2)               ; 2 (2)                     ; 0                 ; 0          ; 0    ; 0            ; |DE1_SoC|pixel_norm:pn_10                                ; pixel_norm            ; work         ;
;    |pixel_norm:pn_33|             ; 2 (2)               ; 2 (2)                     ; 0                 ; 0          ; 0    ; 0            ; |DE1_SoC|pixel_norm:pn_33                                ; pixel_norm            ; work         ;
;    |pixel_selected:p_slct|        ; 25 (9)              ; 9 (0)                     ; 0                 ; 0          ; 0    ; 0            ; |DE1_SoC|pixel_selected:p_slct                           ; pixel_selected        ; work         ;
;       |pixel_selected_coords:psc| ; 16 (16)             ; 9 (9)                     ; 0                 ; 0          ; 0    ; 0            ; |DE1_SoC|pixel_selected:p_slct|pixel_selected_coords:psc ; pixel_selected_coords ; work         ;
+-----------------------------------+---------------------+---------------------------+-------------------+------------+------+--------------+----------------------------------------------------------+-----------------------+--------------+
Note: For table entries with two numbers listed, the numbers in parentheses indicate the number of resources of the given type used by the specific entity alone. The numbers listed outside of parentheses indicate the total resources of the given type used by the specific entity and all of its sub-entities in the hierarchy.


+--------------------------------------------------------------------------------------------------------------------------------------+
; Registers Removed During Synthesis                                                                                                   ;
+--------------------------------------------------------------+-----------------------------------------------------------------------+
; Register name                                                ; Reason for Removal                                                    ;
+--------------------------------------------------------------+-----------------------------------------------------------------------+
; pixel_norm:pn_33|ps[3..31]                                   ; Stuck at GND due to stuck port data_in                                ;
; pixel_norm:pn_32|ps[3..31]                                   ; Stuck at GND due to stuck port data_in                                ;
; pixel_norm:pn_31|ps[3..31]                                   ; Stuck at GND due to stuck port data_in                                ;
; pixel_norm:pn_30|ps[3..31]                                   ; Stuck at GND due to stuck port data_in                                ;
; pixel_norm:pn_23|ps[3..31]                                   ; Stuck at GND due to stuck port data_in                                ;
; pixel_norm:pn_22|ps[3..31]                                   ; Stuck at GND due to stuck port data_in                                ;
; pixel_norm:pn_21|ps[3..31]                                   ; Stuck at GND due to stuck port data_in                                ;
; pixel_norm:pn_20|ps[3..31]                                   ; Stuck at GND due to stuck port data_in                                ;
; pixel_norm:pn_13|ps[3..31]                                   ; Stuck at GND due to stuck port data_in                                ;
; pixel_norm:pn_12|ps[3..31]                                   ; Stuck at GND due to stuck port data_in                                ;
; pixel_norm:pn_11|ps[3..31]                                   ; Stuck at GND due to stuck port data_in                                ;
; pixel_norm:pn_10|ps[3..31]                                   ; Stuck at GND due to stuck port data_in                                ;
; pixel_norm:pn_03|ps[3..31]                                   ; Stuck at GND due to stuck port data_in                                ;
; pixel_norm:pn_02|ps[3..31]                                   ; Stuck at GND due to stuck port data_in                                ;
; pixel_norm:pn_01|ps[3..31]                                   ; Stuck at GND due to stuck port data_in                                ;
; pixel_norm:pn_00|ps[3..31]                                   ; Stuck at GND due to stuck port data_in                                ;
; pixel_selected:p_slct|pixel_selected_coords:psc|next_y[5..7] ; Merged with pixel_selected:p_slct|pixel_selected_coords:psc|next_y[4] ;
; pixel_selected:p_slct|pixel_selected_coords:psc|next_x[6,7]  ; Merged with pixel_selected:p_slct|pixel_selected_coords:psc|next_x[5] ;
; pixel_norm:pn_01|ps[2]                                       ; Merged with pixel_norm:pn_00|ps[2]                                    ;
; pixel_norm:pn_02|ps[2]                                       ; Merged with pixel_norm:pn_00|ps[2]                                    ;
; pixel_norm:pn_03|ps[2]                                       ; Merged with pixel_norm:pn_00|ps[2]                                    ;
; pixel_norm:pn_10|ps[2]                                       ; Merged with pixel_norm:pn_00|ps[2]                                    ;
; pixel_norm:pn_11|ps[2]                                       ; Merged with pixel_norm:pn_00|ps[2]                                    ;
; pixel_norm:pn_12|ps[2]                                       ; Merged with pixel_norm:pn_00|ps[2]                                    ;
; pixel_norm:pn_13|ps[2]                                       ; Merged with pixel_norm:pn_00|ps[2]                                    ;
; pixel_norm:pn_20|ps[2]                                       ; Merged with pixel_norm:pn_00|ps[2]                                    ;
; pixel_norm:pn_21|ps[2]                                       ; Merged with pixel_norm:pn_00|ps[2]                                    ;
; pixel_norm:pn_22|ps[2]                                       ; Merged with pixel_norm:pn_00|ps[2]                                    ;
; pixel_norm:pn_23|ps[2]                                       ; Merged with pixel_norm:pn_00|ps[2]                                    ;
; pixel_norm:pn_30|ps[2]                                       ; Merged with pixel_norm:pn_00|ps[2]                                    ;
; pixel_norm:pn_31|ps[2]                                       ; Merged with pixel_norm:pn_00|ps[2]                                    ;
; pixel_norm:pn_32|ps[2]                                       ; Merged with pixel_norm:pn_00|ps[2]                                    ;
; pixel_norm:pn_33|ps[2]                                       ; Merged with pixel_norm:pn_00|ps[2]                                    ;
; pixel_norm:pn_01|ps[1]                                       ; Merged with pixel_norm:pn_00|ps[1]                                    ;
; pixel_norm:pn_02|ps[1]                                       ; Merged with pixel_norm:pn_00|ps[1]                                    ;
; pixel_norm:pn_03|ps[1]                                       ; Merged with pixel_norm:pn_00|ps[1]                                    ;
; pixel_norm:pn_10|ps[1]                                       ; Merged with pixel_norm:pn_00|ps[1]                                    ;
; pixel_norm:pn_11|ps[1]                                       ; Merged with pixel_norm:pn_00|ps[1]                                    ;
; pixel_norm:pn_12|ps[1]                                       ; Merged with pixel_norm:pn_00|ps[1]                                    ;
; pixel_norm:pn_13|ps[1]                                       ; Merged with pixel_norm:pn_00|ps[1]                                    ;
; pixel_norm:pn_20|ps[1]                                       ; Merged with pixel_norm:pn_00|ps[1]                                    ;
; pixel_norm:pn_21|ps[1]                                       ; Merged with pixel_norm:pn_00|ps[1]                                    ;
; pixel_norm:pn_22|ps[1]                                       ; Merged with pixel_norm:pn_00|ps[1]                                    ;
; pixel_norm:pn_23|ps[1]                                       ; Merged with pixel_norm:pn_00|ps[1]                                    ;
; pixel_norm:pn_30|ps[1]                                       ; Merged with pixel_norm:pn_00|ps[1]                                    ;
; pixel_norm:pn_31|ps[1]                                       ; Merged with pixel_norm:pn_00|ps[1]                                    ;
; pixel_norm:pn_32|ps[1]                                       ; Merged with pixel_norm:pn_00|ps[1]                                    ;
; pixel_norm:pn_33|ps[1]                                       ; Merged with pixel_norm:pn_00|ps[1]                                    ;
; RedPixels[1][0]                                              ; Stuck at VCC due to stuck port data_in                                ;
; RedPixels[1][1]                                              ; Stuck at VCC due to stuck port data_in                                ;
; RedPixels[1][2]                                              ; Stuck at VCC due to stuck port data_in                                ;
; RedPixels[1][3]                                              ; Stuck at VCC due to stuck port data_in                                ;
; RedPixels[1][4]                                              ; Stuck at VCC due to stuck port data_in                                ;
; RedPixels[1][5]                                              ; Stuck at VCC due to stuck port data_in                                ;
; RedPixels[1][6]                                              ; Stuck at VCC due to stuck port data_in                                ;
; RedPixels[1][7]                                              ; Stuck at VCC due to stuck port data_in                                ;
; RedPixels[1][8]                                              ; Stuck at VCC due to stuck port data_in                                ;
; RedPixels[1][9]                                              ; Stuck at VCC due to stuck port data_in                                ;
; RedPixels[1][10]                                             ; Stuck at VCC due to stuck port data_in                                ;
; RedPixels[1][11]                                             ; Stuck at VCC due to stuck port data_in                                ;
; RedPixels[1][12]                                             ; Stuck at VCC due to stuck port data_in                                ;
; RedPixels[1][13]                                             ; Stuck at VCC due to stuck port data_in                                ;
; RedPixels[1][14]                                             ; Stuck at VCC due to stuck port data_in                                ;
; RedPixels[1][15]                                             ; Stuck at VCC due to stuck port data_in                                ;
; RedPixels[2][0]                                              ; Stuck at VCC due to stuck port data_in                                ;
; RedPixels[2][1]                                              ; Stuck at VCC due to stuck port data_in                                ;
; RedPixels[2][2]                                              ; Stuck at VCC due to stuck port data_in                                ;
; RedPixels[2][3]                                              ; Stuck at VCC due to stuck port data_in                                ;
; RedPixels[2][4]                                              ; Stuck at VCC due to stuck port data_in                                ;
; RedPixels[2][5]                                              ; Stuck at VCC due to stuck port data_in                                ;
; RedPixels[2][6]                                              ; Stuck at VCC due to stuck port data_in                                ;
; RedPixels[2][7]                                              ; Stuck at VCC due to stuck port data_in                                ;
; RedPixels[2][8]                                              ; Stuck at VCC due to stuck port data_in                                ;
; RedPixels[2][9]                                              ; Stuck at VCC due to stuck port data_in                                ;
; RedPixels[2][10]                                             ; Stuck at VCC due to stuck port data_in                                ;
; RedPixels[2][11]                                             ; Stuck at VCC due to stuck port data_in                                ;
; RedPixels[2][12]                                             ; Stuck at VCC due to stuck port data_in                                ;
; RedPixels[2][13]                                             ; Stuck at VCC due to stuck port data_in                                ;
; RedPixels[2][14]                                             ; Stuck at VCC due to stuck port data_in                                ;
; RedPixels[2][15]                                             ; Stuck at VCC due to stuck port data_in                                ;
; RedPixels[4][0]                                              ; Stuck at VCC due to stuck port data_in                                ;
; RedPixels[4][1]                                              ; Stuck at VCC due to stuck port data_in                                ;
; RedPixels[4][2]                                              ; Stuck at VCC due to stuck port data_in                                ;
; RedPixels[4][3]                                              ; Stuck at VCC due to stuck port data_in                                ;
; RedPixels[4][4]                                              ; Stuck at VCC due to stuck port data_in                                ;
; RedPixels[4][5]                                              ; Stuck at VCC due to stuck port data_in                                ;
; RedPixels[4][6]                                              ; Stuck at VCC due to stuck port data_in                                ;
; RedPixels[4][7]                                              ; Stuck at VCC due to stuck port data_in                                ;
; RedPixels[4][8]                                              ; Stuck at VCC due to stuck port data_in                                ;
; RedPixels[4][9]                                              ; Stuck at VCC due to stuck port data_in                                ;
; RedPixels[4][10]                                             ; Stuck at VCC due to stuck port data_in                                ;
; RedPixels[4][11]                                             ; Stuck at VCC due to stuck port data_in                                ;
; RedPixels[4][12]                                             ; Stuck at VCC due to stuck port data_in                                ;
; RedPixels[4][13]                                             ; Stuck at VCC due to stuck port data_in                                ;
; RedPixels[4][14]                                             ; Stuck at VCC due to stuck port data_in                                ;
; RedPixels[4][15]                                             ; Stuck at VCC due to stuck port data_in                                ;
; RedPixels[5][0]                                              ; Stuck at VCC due to stuck port data_in                                ;
; RedPixels[5][1]                                              ; Stuck at VCC due to stuck port data_in                                ;
; RedPixels[5][2]                                              ; Stuck at VCC due to stuck port data_in                                ;
; RedPixels[5][3]                                              ; Stuck at VCC due to stuck port data_in                                ;
; RedPixels[5][4]                                              ; Stuck at VCC due to stuck port data_in                                ;
; RedPixels[5][5]                                              ; Stuck at VCC due to stuck port data_in                                ;
; RedPixels[5][6]                                              ; Stuck at VCC due to stuck port data_in                                ;
; RedPixels[5][7]                                              ; Stuck at VCC due to stuck port data_in                                ;
; RedPixels[5][8]                                              ; Stuck at VCC due to stuck port data_in                                ;
; RedPixels[5][9]                                              ; Stuck at VCC due to stuck port data_in                                ;
; RedPixels[5][10]                                             ; Stuck at VCC due to stuck port data_in                                ;
; RedPixels[5][11]                                             ; Stuck at VCC due to stuck port data_in                                ;
; RedPixels[5][12]                                             ; Stuck at VCC due to stuck port data_in                                ;
; RedPixels[5][13]                                             ; Stuck at VCC due to stuck port data_in                                ;
; RedPixels[5][14]                                             ; Stuck at VCC due to stuck port data_in                                ;
; RedPixels[5][15]                                             ; Stuck at VCC due to stuck port data_in                                ;
; RedPixels[6][0]                                              ; Stuck at VCC due to stuck port data_in                                ;
; RedPixels[6][1]                                              ; Stuck at VCC due to stuck port data_in                                ;
; RedPixels[6][2]                                              ; Stuck at VCC due to stuck port data_in                                ;
; RedPixels[6][3]                                              ; Stuck at VCC due to stuck port data_in                                ;
; RedPixels[6][4]                                              ; Stuck at VCC due to stuck port data_in                                ;
; RedPixels[6][5]                                              ; Stuck at VCC due to stuck port data_in                                ;
; RedPixels[6][6]                                              ; Stuck at VCC due to stuck port data_in                                ;
; RedPixels[6][7]                                              ; Stuck at VCC due to stuck port data_in                                ;
; RedPixels[6][8]                                              ; Stuck at VCC due to stuck port data_in                                ;
; RedPixels[6][9]                                              ; Stuck at VCC due to stuck port data_in                                ;
; RedPixels[6][10]                                             ; Stuck at VCC due to stuck port data_in                                ;
; RedPixels[6][11]                                             ; Stuck at VCC due to stuck port data_in                                ;
; RedPixels[6][12]                                             ; Stuck at VCC due to stuck port data_in                                ;
; RedPixels[6][13]                                             ; Stuck at VCC due to stuck port data_in                                ;
; RedPixels[6][14]                                             ; Stuck at VCC due to stuck port data_in                                ;
; RedPixels[6][15]                                             ; Stuck at VCC due to stuck port data_in                                ;
; RedPixels[7][0]                                              ; Stuck at VCC due to stuck port data_in                                ;
; RedPixels[7][1]                                              ; Stuck at VCC due to stuck port data_in                                ;
; RedPixels[7][2]                                              ; Stuck at VCC due to stuck port data_in                                ;
; RedPixels[7][3]                                              ; Stuck at VCC due to stuck port data_in                                ;
; RedPixels[7][4]                                              ; Stuck at VCC due to stuck port data_in                                ;
; RedPixels[7][5]                                              ; Stuck at VCC due to stuck port data_in                                ;
; RedPixels[7][6]                                              ; Stuck at VCC due to stuck port data_in                                ;
; RedPixels[7][7]                                              ; Stuck at VCC due to stuck port data_in                                ;
; RedPixels[7][8]                                              ; Stuck at VCC due to stuck port data_in                                ;
; RedPixels[7][9]                                              ; Stuck at VCC due to stuck port data_in                                ;
; RedPixels[7][10]                                             ; Stuck at VCC due to stuck port data_in                                ;
; RedPixels[7][11]                                             ; Stuck at VCC due to stuck port data_in                                ;
; RedPixels[7][12]                                             ; Stuck at VCC due to stuck port data_in                                ;
; RedPixels[7][13]                                             ; Stuck at VCC due to stuck port data_in                                ;
; RedPixels[7][14]                                             ; Stuck at VCC due to stuck port data_in                                ;
; RedPixels[7][15]                                             ; Stuck at VCC due to stuck port data_in                                ;
; RedPixels[8][0]                                              ; Stuck at VCC due to stuck port data_in                                ;
; RedPixels[8][1]                                              ; Stuck at VCC due to stuck port data_in                                ;
; RedPixels[8][2]                                              ; Stuck at VCC due to stuck port data_in                                ;
; RedPixels[8][3]                                              ; Stuck at VCC due to stuck port data_in                                ;
; RedPixels[8][4]                                              ; Stuck at VCC due to stuck port data_in                                ;
; RedPixels[8][5]                                              ; Stuck at VCC due to stuck port data_in                                ;
; RedPixels[8][6]                                              ; Stuck at VCC due to stuck port data_in                                ;
; RedPixels[8][7]                                              ; Stuck at VCC due to stuck port data_in                                ;
; RedPixels[8][8]                                              ; Stuck at VCC due to stuck port data_in                                ;
; RedPixels[8][9]                                              ; Stuck at VCC due to stuck port data_in                                ;
; RedPixels[8][10]                                             ; Stuck at VCC due to stuck port data_in                                ;
; RedPixels[8][11]                                             ; Stuck at VCC due to stuck port data_in                                ;
; RedPixels[8][12]                                             ; Stuck at VCC due to stuck port data_in                                ;
; RedPixels[8][13]                                             ; Stuck at VCC due to stuck port data_in                                ;
; RedPixels[8][14]                                             ; Stuck at VCC due to stuck port data_in                                ;
; RedPixels[8][15]                                             ; Stuck at VCC due to stuck port data_in                                ;
; RedPixels[9][0]                                              ; Stuck at VCC due to stuck port data_in                                ;
; RedPixels[9][1]                                              ; Stuck at VCC due to stuck port data_in                                ;
; RedPixels[9][2]                                              ; Stuck at VCC due to stuck port data_in                                ;
; RedPixels[9][3]                                              ; Stuck at VCC due to stuck port data_in                                ;
; RedPixels[9][4]                                              ; Stuck at VCC due to stuck port data_in                                ;
; RedPixels[9][5]                                              ; Stuck at VCC due to stuck port data_in                                ;
; RedPixels[9][6]                                              ; Stuck at VCC due to stuck port data_in                                ;
; RedPixels[9][7]                                              ; Stuck at VCC due to stuck port data_in                                ;
; RedPixels[9][8]                                              ; Stuck at VCC due to stuck port data_in                                ;
; RedPixels[9][9]                                              ; Stuck at VCC due to stuck port data_in                                ;
; RedPixels[9][10]                                             ; Stuck at VCC due to stuck port data_in                                ;
; RedPixels[9][11]                                             ; Stuck at VCC due to stuck port data_in                                ;
; RedPixels[9][12]                                             ; Stuck at VCC due to stuck port data_in                                ;
; RedPixels[9][13]                                             ; Stuck at VCC due to stuck port data_in                                ;
; RedPixels[9][14]                                             ; Stuck at VCC due to stuck port data_in                                ;
; RedPixels[9][15]                                             ; Stuck at VCC due to stuck port data_in                                ;
; RedPixels[10][0]                                             ; Stuck at VCC due to stuck port data_in                                ;
; RedPixels[10][1]                                             ; Stuck at VCC due to stuck port data_in                                ;
; RedPixels[10][2]                                             ; Stuck at VCC due to stuck port data_in                                ;
; RedPixels[10][3]                                             ; Stuck at VCC due to stuck port data_in                                ;
; RedPixels[10][4]                                             ; Stuck at VCC due to stuck port data_in                                ;
; RedPixels[10][5]                                             ; Stuck at VCC due to stuck port data_in                                ;
; RedPixels[10][6]                                             ; Stuck at VCC due to stuck port data_in                                ;
; RedPixels[10][7]                                             ; Stuck at VCC due to stuck port data_in                                ;
; RedPixels[10][8]                                             ; Stuck at VCC due to stuck port data_in                                ;
; RedPixels[10][9]                                             ; Stuck at VCC due to stuck port data_in                                ;
; RedPixels[10][10]                                            ; Stuck at VCC due to stuck port data_in                                ;
; RedPixels[10][11]                                            ; Stuck at VCC due to stuck port data_in                                ;
; RedPixels[10][12]                                            ; Stuck at VCC due to stuck port data_in                                ;
; RedPixels[10][13]                                            ; Stuck at VCC due to stuck port data_in                                ;
; RedPixels[10][14]                                            ; Stuck at VCC due to stuck port data_in                                ;
; RedPixels[10][15]                                            ; Stuck at VCC due to stuck port data_in                                ;
; RedPixels[11][0]                                             ; Stuck at VCC due to stuck port data_in                                ;
; RedPixels[11][1]                                             ; Stuck at VCC due to stuck port data_in                                ;
; RedPixels[11][2]                                             ; Stuck at VCC due to stuck port data_in                                ;
; RedPixels[11][3]                                             ; Stuck at VCC due to stuck port data_in                                ;
; RedPixels[11][4]                                             ; Stuck at VCC due to stuck port data_in                                ;
; RedPixels[11][5]                                             ; Stuck at VCC due to stuck port data_in                                ;
; RedPixels[11][6]                                             ; Stuck at VCC due to stuck port data_in                                ;
; RedPixels[11][7]                                             ; Stuck at VCC due to stuck port data_in                                ;
; RedPixels[11][8]                                             ; Stuck at VCC due to stuck port data_in                                ;
; RedPixels[11][9]                                             ; Stuck at VCC due to stuck port data_in                                ;
; RedPixels[11][10]                                            ; Stuck at VCC due to stuck port data_in                                ;
; RedPixels[11][11]                                            ; Stuck at VCC due to stuck port data_in                                ;
; RedPixels[11][12]                                            ; Stuck at VCC due to stuck port data_in                                ;
; RedPixels[11][13]                                            ; Stuck at VCC due to stuck port data_in                                ;
; RedPixels[11][14]                                            ; Stuck at VCC due to stuck port data_in                                ;
; RedPixels[11][15]                                            ; Stuck at VCC due to stuck port data_in                                ;
; RedPixels[12][0]                                             ; Stuck at VCC due to stuck port data_in                                ;
; RedPixels[12][1]                                             ; Stuck at VCC due to stuck port data_in                                ;
; RedPixels[12][2]                                             ; Stuck at VCC due to stuck port data_in                                ;
; RedPixels[12][3]                                             ; Stuck at VCC due to stuck port data_in                                ;
; RedPixels[12][4]                                             ; Stuck at VCC due to stuck port data_in                                ;
; RedPixels[12][5]                                             ; Stuck at VCC due to stuck port data_in                                ;
; RedPixels[12][6]                                             ; Stuck at VCC due to stuck port data_in                                ;
; RedPixels[12][7]                                             ; Stuck at VCC due to stuck port data_in                                ;
; RedPixels[12][8]                                             ; Stuck at VCC due to stuck port data_in                                ;
; RedPixels[12][9]                                             ; Stuck at VCC due to stuck port data_in                                ;
; RedPixels[12][10]                                            ; Stuck at VCC due to stuck port data_in                                ;
; RedPixels[12][11]                                            ; Stuck at VCC due to stuck port data_in                                ;
; RedPixels[12][12]                                            ; Stuck at VCC due to stuck port data_in                                ;
; RedPixels[12][13]                                            ; Stuck at VCC due to stuck port data_in                                ;
; RedPixels[12][14]                                            ; Stuck at VCC due to stuck port data_in                                ;
; RedPixels[12][15]                                            ; Stuck at VCC due to stuck port data_in                                ;
; RedPixels[13][0]                                             ; Stuck at VCC due to stuck port data_in                                ;
; RedPixels[13][1]                                             ; Stuck at VCC due to stuck port data_in                                ;
; RedPixels[13][2]                                             ; Stuck at VCC due to stuck port data_in                                ;
; RedPixels[13][3]                                             ; Stuck at VCC due to stuck port data_in                                ;
; RedPixels[13][4]                                             ; Stuck at VCC due to stuck port data_in                                ;
; RedPixels[13][5]                                             ; Stuck at VCC due to stuck port data_in                                ;
; RedPixels[13][6]                                             ; Stuck at VCC due to stuck port data_in                                ;
; RedPixels[13][7]                                             ; Stuck at VCC due to stuck port data_in                                ;
; RedPixels[13][8]                                             ; Stuck at VCC due to stuck port data_in                                ;
; RedPixels[13][9]                                             ; Stuck at VCC due to stuck port data_in                                ;
; RedPixels[13][10]                                            ; Stuck at VCC due to stuck port data_in                                ;
; RedPixels[13][11]                                            ; Stuck at VCC due to stuck port data_in                                ;
; RedPixels[13][12]                                            ; Stuck at VCC due to stuck port data_in                                ;
; RedPixels[13][13]                                            ; Stuck at VCC due to stuck port data_in                                ;
; RedPixels[13][14]                                            ; Stuck at VCC due to stuck port data_in                                ;
; RedPixels[13][15]                                            ; Stuck at VCC due to stuck port data_in                                ;
; RedPixels[14][0]                                             ; Stuck at VCC due to stuck port data_in                                ;
; RedPixels[14][1]                                             ; Stuck at VCC due to stuck port data_in                                ;
; RedPixels[14][2]                                             ; Stuck at VCC due to stuck port data_in                                ;
; RedPixels[14][3]                                             ; Stuck at VCC due to stuck port data_in                                ;
; RedPixels[14][4]                                             ; Stuck at VCC due to stuck port data_in                                ;
; RedPixels[14][5]                                             ; Stuck at VCC due to stuck port data_in                                ;
; RedPixels[14][6]                                             ; Stuck at VCC due to stuck port data_in                                ;
; RedPixels[14][7]                                             ; Stuck at VCC due to stuck port data_in                                ;
; RedPixels[14][8]                                             ; Stuck at VCC due to stuck port data_in                                ;
; RedPixels[14][9]                                             ; Stuck at VCC due to stuck port data_in                                ;
; RedPixels[14][10]                                            ; Stuck at VCC due to stuck port data_in                                ;
; RedPixels[14][11]                                            ; Stuck at VCC due to stuck port data_in                                ;
; RedPixels[14][12]                                            ; Stuck at VCC due to stuck port data_in                                ;
; RedPixels[14][13]                                            ; Stuck at VCC due to stuck port data_in                                ;
; RedPixels[14][14]                                            ; Stuck at VCC due to stuck port data_in                                ;
; RedPixels[14][15]                                            ; Stuck at VCC due to stuck port data_in                                ;
; RedPixels[15][0]                                             ; Stuck at VCC due to stuck port data_in                                ;
; RedPixels[15][1]                                             ; Stuck at VCC due to stuck port data_in                                ;
; RedPixels[15][2]                                             ; Stuck at VCC due to stuck port data_in                                ;
; RedPixels[15][3]                                             ; Stuck at VCC due to stuck port data_in                                ;
; RedPixels[15][4]                                             ; Stuck at VCC due to stuck port data_in                                ;
; RedPixels[15][5]                                             ; Stuck at VCC due to stuck port data_in                                ;
; RedPixels[15][6]                                             ; Stuck at VCC due to stuck port data_in                                ;
; RedPixels[15][7]                                             ; Stuck at VCC due to stuck port data_in                                ;
; RedPixels[15][8]                                             ; Stuck at VCC due to stuck port data_in                                ;
; RedPixels[15][9]                                             ; Stuck at VCC due to stuck port data_in                                ;
; RedPixels[15][10]                                            ; Stuck at VCC due to stuck port data_in                                ;
; RedPixels[15][11]                                            ; Stuck at VCC due to stuck port data_in                                ;
; RedPixels[15][12]                                            ; Stuck at VCC due to stuck port data_in                                ;
; RedPixels[15][13]                                            ; Stuck at VCC due to stuck port data_in                                ;
; RedPixels[15][14]                                            ; Stuck at VCC due to stuck port data_in                                ;
; RedPixels[15][15]                                            ; Stuck at VCC due to stuck port data_in                                ;
; pixel_selected:p_slct|pixel_selected_coords:psc|next_y[3,4]  ; Stuck at GND due to stuck port data_in                                ;
; RedPixels[0][15]                                             ; Stuck at VCC due to stuck port data_in                                ;
; RedPixels[3][15]                                             ; Stuck at VCC due to stuck port data_in                                ;
; RedPixels[0][14]                                             ; Stuck at VCC due to stuck port data_in                                ;
; RedPixels[3][14]                                             ; Stuck at VCC due to stuck port data_in                                ;
; RedPixels[0][13]                                             ; Stuck at VCC due to stuck port data_in                                ;
; RedPixels[3][13]                                             ; Stuck at VCC due to stuck port data_in                                ;
; RedPixels[0][12]                                             ; Stuck at VCC due to stuck port data_in                                ;
; RedPixels[3][12]                                             ; Stuck at VCC due to stuck port data_in                                ;
; RedPixels[0][11]                                             ; Stuck at VCC due to stuck port data_in                                ;
; RedPixels[3][11]                                             ; Stuck at VCC due to stuck port data_in                                ;
; RedPixels[0][10]                                             ; Stuck at VCC due to stuck port data_in                                ;
; RedPixels[3][10]                                             ; Stuck at VCC due to stuck port data_in                                ;
; RedPixels[0][9]                                              ; Stuck at VCC due to stuck port data_in                                ;
; RedPixels[3][9]                                              ; Stuck at VCC due to stuck port data_in                                ;
; RedPixels[0][8]                                              ; Stuck at VCC due to stuck port data_in                                ;
; RedPixels[3][8]                                              ; Stuck at VCC due to stuck port data_in                                ;
; RedPixels[3][7]                                              ; Stuck at VCC due to stuck port data_in                                ;
; RedPixels[3][6]                                              ; Stuck at VCC due to stuck port data_in                                ;
; RedPixels[3][5]                                              ; Stuck at VCC due to stuck port data_in                                ;
; RedPixels[3][4]                                              ; Stuck at VCC due to stuck port data_in                                ;
; RedPixels[3][2]                                              ; Stuck at VCC due to stuck port data_in                                ;
; RedPixels[3][1]                                              ; Stuck at VCC due to stuck port data_in                                ;
; RedPixels[3][0]                                              ; Stuck at VCC due to stuck port data_in                                ;
; pixel_norm:pn_11|light_on                                    ; Merged with pixel_norm:pn_10|light_on                                 ;
; pixel_norm:pn_12|light_on                                    ; Merged with pixel_norm:pn_10|light_on                                 ;
; pixel_norm:pn_13|light_on                                    ; Merged with pixel_norm:pn_10|light_on                                 ;
; pixel_norm:pn_20|light_on                                    ; Merged with pixel_norm:pn_10|light_on                                 ;
; pixel_norm:pn_21|light_on                                    ; Merged with pixel_norm:pn_10|light_on                                 ;
; pixel_norm:pn_22|light_on                                    ; Merged with pixel_norm:pn_10|light_on                                 ;
; pixel_norm:pn_23|light_on                                    ; Merged with pixel_norm:pn_10|light_on                                 ;
; pixel_norm:pn_30|light_on                                    ; Merged with pixel_norm:pn_10|light_on                                 ;
; pixel_norm:pn_31|light_on                                    ; Merged with pixel_norm:pn_10|light_on                                 ;
; pixel_norm:pn_32|light_on                                    ; Merged with pixel_norm:pn_10|light_on                                 ;
; pixel_norm:pn_11|ps[0]                                       ; Merged with pixel_norm:pn_10|ps[0]                                    ;
; pixel_norm:pn_12|ps[0]                                       ; Merged with pixel_norm:pn_10|ps[0]                                    ;
; pixel_norm:pn_13|ps[0]                                       ; Merged with pixel_norm:pn_10|ps[0]                                    ;
; pixel_norm:pn_20|ps[0]                                       ; Merged with pixel_norm:pn_10|ps[0]                                    ;
; pixel_norm:pn_21|ps[0]                                       ; Merged with pixel_norm:pn_10|ps[0]                                    ;
; pixel_norm:pn_22|ps[0]                                       ; Merged with pixel_norm:pn_10|ps[0]                                    ;
; pixel_norm:pn_23|ps[0]                                       ; Merged with pixel_norm:pn_10|ps[0]                                    ;
; pixel_norm:pn_30|ps[0]                                       ; Merged with pixel_norm:pn_10|ps[0]                                    ;
; pixel_norm:pn_31|ps[0]                                       ; Merged with pixel_norm:pn_10|ps[0]                                    ;
; pixel_norm:pn_32|ps[0]                                       ; Merged with pixel_norm:pn_10|ps[0]                                    ;
; clock_divider:divider|divided_clocks[15..31]                 ; Lost fanout                                                           ;
; Total Number of Removed Registers = 785                      ;                                                                       ;
+--------------------------------------------------------------+-----------------------------------------------------------------------+


+-----------------------------------------------------------------------------------------------------------------------------------------------------------------------------------+
; Removed Registers Triggering Further Register Optimizations                                                                                                                       ;
+-----------------------------------------------------------+---------------------------+-------------------------------------------------------------------------------------------+
; Register name                                             ; Reason for Removal        ; Registers Removed due to This Register                                                    ;
+-----------------------------------------------------------+---------------------------+-------------------------------------------------------------------------------------------+
; pixel_selected:p_slct|pixel_selected_coords:psc|next_y[4] ; Stuck at GND              ; RedPixels[0][15], RedPixels[0][14], RedPixels[0][13], RedPixels[0][12], RedPixels[0][11], ;
;                                                           ; due to stuck port data_in ; RedPixels[0][10], RedPixels[0][9], RedPixels[0][8], RedPixels[3][1], RedPixels[3][0]      ;
; RedPixels[1][0]                                           ; Stuck at VCC              ; RedPixels[4][0]                                                                           ;
;                                                           ; due to stuck port data_in ;                                                                                           ;
; RedPixels[1][2]                                           ; Stuck at VCC              ; RedPixels[3][15]                                                                          ;
;                                                           ; due to stuck port data_in ;                                                                                           ;
; RedPixels[1][3]                                           ; Stuck at VCC              ; RedPixels[3][14]                                                                          ;
;                                                           ; due to stuck port data_in ;                                                                                           ;
; RedPixels[1][4]                                           ; Stuck at VCC              ; RedPixels[3][13]                                                                          ;
;                                                           ; due to stuck port data_in ;                                                                                           ;
; RedPixels[1][5]                                           ; Stuck at VCC              ; RedPixels[3][12]                                                                          ;
;                                                           ; due to stuck port data_in ;                                                                                           ;
; RedPixels[1][6]                                           ; Stuck at VCC              ; RedPixels[3][11]                                                                          ;
;                                                           ; due to stuck port data_in ;                                                                                           ;
; RedPixels[1][7]                                           ; Stuck at VCC              ; RedPixels[3][10]                                                                          ;
;                                                           ; due to stuck port data_in ;                                                                                           ;
; RedPixels[1][8]                                           ; Stuck at VCC              ; RedPixels[3][9]                                                                           ;
;                                                           ; due to stuck port data_in ;                                                                                           ;
; RedPixels[1][9]                                           ; Stuck at VCC              ; RedPixels[3][8]                                                                           ;
;                                                           ; due to stuck port data_in ;                                                                                           ;
; RedPixels[1][10]                                          ; Stuck at VCC              ; RedPixels[3][7]                                                                           ;
;                                                           ; due to stuck port data_in ;                                                                                           ;
; RedPixels[1][11]                                          ; Stuck at VCC              ; RedPixels[3][6]                                                                           ;
;                                                           ; due to stuck port data_in ;                                                                                           ;
; RedPixels[1][12]                                          ; Stuck at VCC              ; RedPixels[3][5]                                                                           ;
;                                                           ; due to stuck port data_in ;                                                                                           ;
; RedPixels[1][13]                                          ; Stuck at VCC              ; RedPixels[3][4]                                                                           ;
;                                                           ; due to stuck port data_in ;                                                                                           ;
; RedPixels[1][15]                                          ; Stuck at VCC              ; RedPixels[3][2]                                                                           ;
;                                                           ; due to stuck port data_in ;                                                                                           ;
+-----------------------------------------------------------+---------------------------+-------------------------------------------------------------------------------------------+


+------------------------------------------------------+
; General Register Statistics                          ;
+----------------------------------------------+-------+
; Statistic                                    ; Value ;
+----------------------------------------------+-------+
; Total registers                              ; 51    ;
; Number of registers using Synchronous Clear  ; 6     ;
; Number of registers using Synchronous Load   ; 0     ;
; Number of registers using Asynchronous Clear ; 0     ;
; Number of registers using Asynchronous Load  ; 0     ;
; Number of registers using Clock Enable       ; 15    ;
; Number of registers using Preset             ; 0     ;
+----------------------------------------------+-------+


+----------------------------------------------------------------------------------------------------------------------------------------------------------------------------------+
; Multiplexer Restructuring Statistics (Restructuring Performed)                                                                                                                   ;
+--------------------+-----------+---------------+----------------------+------------------------+------------+--------------------------------------------------------------------+
; Multiplexer Inputs ; Bus Width ; Baseline Area ; Area if Restructured ; Saving if Restructured ; Registered ; Example Multiplexer Output                                         ;
+--------------------+-----------+---------------+----------------------+------------------------+------------+--------------------------------------------------------------------+
; 4:1                ; 2 bits    ; 4 LEs         ; 4 LEs                ; 0 LEs                  ; Yes        ; |DE1_SoC|pixel_selected:p_slct|pixel_selected_coords:psc|next_x[1] ;
; 4:1                ; 2 bits    ; 4 LEs         ; 4 LEs                ; 0 LEs                  ; Yes        ; |DE1_SoC|pixel_selected:p_slct|pixel_selected_coords:psc|next_x[3] ;
; 11:1               ; 2 bits    ; 14 LEs        ; 12 LEs               ; 2 LEs                  ; Yes        ; |DE1_SoC|pixel_selected:p_slct|pixel_selected_coords:psc|next_y[0] ;
; 16:1               ; 16 bits   ; 160 LEs       ; 64 LEs               ; 96 LEs                 ; No         ; |DE1_SoC|LEDDriver:Driver|Mux16                                    ;
; 16:1               ; 4 bits    ; 40 LEs        ; 16 LEs               ; 24 LEs                 ; No         ; |DE1_SoC|LEDDriver:Driver|Mux0                                     ;
+--------------------+-----------+---------------+----------------------+------------------------+------------+--------------------------------------------------------------------+


+---------------------------------------------------------------+
; Parameter Settings for User Entity Instance: LEDDriver:Driver ;
+----------------+-------+--------------------------------------+
; Parameter Name ; Value ; Type                                 ;
+----------------+-------+--------------------------------------+
; FREQDIV        ; 0     ; Signed Integer                       ;
+----------------+-------+--------------------------------------+
Note: In order to hide this table in the UI and the text report file, please set the "Show Parameter Settings in Synthesis Report" option in "Analysis and Synthesis Settings -> More Settings" to "Off".


+-----------------------------------------------------------------------------------------------------------------+
; Port Connectivity Checks: "pixel_norm:pn_00|adjacent_lights_counter:alc"                                        ;
+-------+--------+----------+-------------------------------------------------------------------------------------+
; Port  ; Type   ; Severity ; Details                                                                             ;
+-------+--------+----------+-------------------------------------------------------------------------------------+
; count ; Output ; Info     ; Connected to dangling logic. Logic that only feeds a dangling port will be removed. ;
+-------+--------+----------+-------------------------------------------------------------------------------------+


+-----------------------------------------------------------------------------------------------------------------------------------------------------------------------------------------------------------------------+
; Port Connectivity Checks: "pixel_selected:p_slct|pixel_selected_coords:psc"                                                                                                                                           ;
+-----------------+-------+----------+----------------------------------------------------------------------------------------------------------------------------------------------------------------------------------+
; Port            ; Type  ; Severity ; Details                                                                                                                                                                          ;
+-----------------+-------+----------+----------------------------------------------------------------------------------------------------------------------------------------------------------------------------------+
; current_x       ; Input ; Warning  ; Input port expression (9 bits) is wider than the input port (8 bits) it drives.  The 1 most-significant bit(s) in the expression will be dangling if they have no other fanouts. ;
; current_x[7..4] ; Input ; Info     ; Stuck at GND                                                                                                                                                                     ;
; current_y       ; Input ; Warning  ; Input port expression (9 bits) is wider than the input port (8 bits) it drives.  The 1 most-significant bit(s) in the expression will be dangling if they have no other fanouts. ;
; current_y[7..4] ; Input ; Info     ; Stuck at GND                                                                                                                                                                     ;
+-----------------+-------+----------+----------------------------------------------------------------------------------------------------------------------------------------------------------------------------------+


+-----------------------------------------------------+
; Port Connectivity Checks: "pixel_selected:p_slct"   ;
+-------------------+-------+----------+--------------+
; Port              ; Type  ; Severity ; Details      ;
+-------------------+-------+----------+--------------+
; pixel_board[7..1] ; Input ; Info     ; Stuck at GND ;
+-------------------+-------+----------+--------------+


+-------------------------------------------------------+
; Port Connectivity Checks: "LEDDriver:Driver"          ;
+---------------------+-------+----------+--------------+
; Port                ; Type  ; Severity ; Details      ;
+---------------------+-------+----------+--------------+
; EnableCount         ; Input ; Info     ; Stuck at VCC ;
; GrnPixels[15..4]    ; Input ; Info     ; Stuck at GND ;
; GrnPixels[3][15..4] ; Input ; Info     ; Stuck at GND ;
; GrnPixels[2][15..4] ; Input ; Info     ; Stuck at GND ;
; GrnPixels[1][15..4] ; Input ; Info     ; Stuck at GND ;
; GrnPixels[0][15..4] ; Input ; Info     ; Stuck at GND ;
+---------------------+-------+----------+--------------+


+----------------------------------------------------------------------------------------------------------------------------------+
; Port Connectivity Checks: "clock_divider:divider"                                                                                ;
+------------------------+--------+----------+-------------------------------------------------------------------------------------+
; Port                   ; Type   ; Severity ; Details                                                                             ;
+------------------------+--------+----------+-------------------------------------------------------------------------------------+
; divided_clocks[31..15] ; Output ; Info     ; Connected to dangling logic. Logic that only feeds a dangling port will be removed. ;
; divided_clocks[13..0]  ; Output ; Info     ; Connected to dangling logic. Logic that only feeds a dangling port will be removed. ;
+------------------------+--------+----------+-------------------------------------------------------------------------------------+


+-----------------------------------------------------+
; Post-Synthesis Netlist Statistics for Top Partition ;
+-----------------------+-----------------------------+
; Type                  ; Count                       ;
+-----------------------+-----------------------------+
; arriav_ff             ; 51                          ;
;     ENA               ; 15                          ;
;     SCLR              ; 6                           ;
;     plain             ; 30                          ;
; arriav_lcell_comb     ; 88                          ;
;     arith             ; 14                          ;
;         1 data inputs ; 13                          ;
;         2 data inputs ; 1                           ;
;     extend            ; 3                           ;
;         7 data inputs ; 3                           ;
;     normal            ; 71                          ;
;         0 data inputs ; 2                           ;
;         1 data inputs ; 3                           ;
;         2 data inputs ; 12                          ;
;         3 data inputs ; 4                           ;
;         4 data inputs ; 9                           ;
;         5 data inputs ; 21                          ;
;         6 data inputs ; 20                          ;
; boundary_port         ; 103                         ;
;                       ;                             ;
; Max LUT depth         ; 4.00                        ;
; Average LUT depth     ; 1.97                        ;
+-----------------------+-----------------------------+


+-------------------------------+
; Elapsed Time Per Partition    ;
+----------------+--------------+
; Partition Name ; Elapsed Time ;
+----------------+--------------+
; Top            ; 00:00:00     ;
+----------------+--------------+


+-------------------------------+
; Analysis & Synthesis Messages ;
+-------------------------------+
Info: *******************************************************************
Info: Running Quartus Prime Analysis & Synthesis
    Info: Version 17.0.0 Build 595 04/25/2017 SJ Lite Edition
    Info: Processing started: Wed May 31 12:28:23 2023
Info: Command: quartus_map --read_settings_files=on --write_settings_files=off DE1_SoC -c DE1_SoC
Info (20030): Parallel compilation is enabled and will use 4 of the 4 processors detected
Info (12021): Found 1 design units, including 1 entities, in source file pixel_start.sv
    Info (12023): Found entity 1: pixel_start File: C:/Users/Anna/Documents/ee-271/lab8/pixel_start.sv Line: 1
Info (12021): Found 2 design units, including 2 entities, in source file button_fsm.sv
    Info (12023): Found entity 1: button_fsm File: C:/Users/Anna/Documents/ee-271/lab8/button_fsm.sv Line: 4
    Info (12023): Found entity 2: button_fsm_testbench File: C:/Users/Anna/Documents/ee-271/lab8/button_fsm.sv Line: 50
Info (12021): Found 1 design units, including 1 entities, in source file pixel_selected_coords.sv
    Info (12023): Found entity 1: pixel_selected_coords File: C:/Users/Anna/Documents/ee-271/lab8/pixel_selected_coords.sv Line: 1
Info (12021): Found 1 design units, including 1 entities, in source file pixel_selected.sv
    Info (12023): Found entity 1: pixel_selected File: C:/Users/Anna/Documents/ee-271/lab8/pixel_selected.sv Line: 1
Info (12021): Found 1 design units, including 1 entities, in source file pixel_norm.sv
    Info (12023): Found entity 1: pixel_norm File: C:/Users/Anna/Documents/ee-271/lab8/pixel_norm.sv Line: 1
Info (12021): Found 1 design units, including 1 entities, in source file adjacent_lights_counter.sv
    Info (12023): Found entity 1: adjacent_lights_counter File: C:/Users/Anna/Documents/ee-271/lab8/adjacent_lights_counter.sv Line: 1
Info (12021): Found 3 design units, including 3 entities, in source file leddriver.sv
    Info (12023): Found entity 1: LEDDriver File: C:/Users/Anna/Documents/ee-271/lab8/LEDDriver.sv Line: 13
    Info (12023): Found entity 2: LEDDriver_Test File: C:/Users/Anna/Documents/ee-271/lab8/LEDDriver.sv Line: 34
    Info (12023): Found entity 3: LEDDriver_TestPhysical File: C:/Users/Anna/Documents/ee-271/lab8/LEDDriver.sv Line: 71
Info (12021): Found 2 design units, including 2 entities, in source file led_test.sv
    Info (12023): Found entity 1: LED_test File: C:/Users/Anna/Documents/ee-271/lab8/LED_test.sv Line: 1
    Info (12023): Found entity 2: LED_test_testbench File: C:/Users/Anna/Documents/ee-271/lab8/LED_test.sv Line: 60
Info (12021): Found 1 design units, including 1 entities, in source file de1_soc.sv
    Info (12023): Found entity 1: DE1_SoC File: C:/Users/Anna/Documents/ee-271/lab8/DE1_SoC.sv Line: 2
Info (12021): Found 1 design units, including 1 entities, in source file clock_divider.sv
    Info (12023): Found entity 1: clock_divider File: C:/Users/Anna/Documents/ee-271/lab8/clock_divider.sv Line: 3
Warning (10236): Verilog HDL Implicit Net warning at DE1_SoC.sv(52): created implicit net for "toggle" File: C:/Users/Anna/Documents/ee-271/lab8/DE1_SoC.sv Line: 52
Warning (10236): Verilog HDL Implicit Net warning at DE1_SoC.sv(53): created implicit net for "setup" File: C:/Users/Anna/Documents/ee-271/lab8/DE1_SoC.sv Line: 53
Info (12127): Elaborating entity "DE1_SoC" for the top level hierarchy
Warning (10036): Verilog HDL or VHDL warning at DE1_SoC.sv(10): object "led_g05" assigned a value but never read File: C:/Users/Anna/Documents/ee-271/lab8/DE1_SoC.sv Line: 10
Warning (10036): Verilog HDL or VHDL warning at DE1_SoC.sv(10): object "led_g06" assigned a value but never read File: C:/Users/Anna/Documents/ee-271/lab8/DE1_SoC.sv Line: 10
Warning (10036): Verilog HDL or VHDL warning at DE1_SoC.sv(11): object "led_g15" assigned a value but never read File: C:/Users/Anna/Documents/ee-271/lab8/DE1_SoC.sv Line: 11
Warning (10036): Verilog HDL or VHDL warning at DE1_SoC.sv(11): object "led_g16" assigned a value but never read File: C:/Users/Anna/Documents/ee-271/lab8/DE1_SoC.sv Line: 11
Warning (10036): Verilog HDL or VHDL warning at DE1_SoC.sv(12): object "led_g25" assigned a value but never read File: C:/Users/Anna/Documents/ee-271/lab8/DE1_SoC.sv Line: 12
Warning (10036): Verilog HDL or VHDL warning at DE1_SoC.sv(12): object "led_g26" assigned a value but never read File: C:/Users/Anna/Documents/ee-271/lab8/DE1_SoC.sv Line: 12
Warning (10036): Verilog HDL or VHDL warning at DE1_SoC.sv(13): object "led_g35" assigned a value but never read File: C:/Users/Anna/Documents/ee-271/lab8/DE1_SoC.sv Line: 13
Warning (10036): Verilog HDL or VHDL warning at DE1_SoC.sv(13): object "led_g36" assigned a value but never read File: C:/Users/Anna/Documents/ee-271/lab8/DE1_SoC.sv Line: 13
Warning (10036): Verilog HDL or VHDL warning at DE1_SoC.sv(14): object "led_g45" assigned a value but never read File: C:/Users/Anna/Documents/ee-271/lab8/DE1_SoC.sv Line: 14
Warning (10036): Verilog HDL or VHDL warning at DE1_SoC.sv(14): object "led_g46" assigned a value but never read File: C:/Users/Anna/Documents/ee-271/lab8/DE1_SoC.sv Line: 14
Warning (10036): Verilog HDL or VHDL warning at DE1_SoC.sv(15): object "led_g50" assigned a value but never read File: C:/Users/Anna/Documents/ee-271/lab8/DE1_SoC.sv Line: 15
Warning (10036): Verilog HDL or VHDL warning at DE1_SoC.sv(15): object "led_g51" assigned a value but never read File: C:/Users/Anna/Documents/ee-271/lab8/DE1_SoC.sv Line: 15
Warning (10036): Verilog HDL or VHDL warning at DE1_SoC.sv(15): object "led_g52" assigned a value but never read File: C:/Users/Anna/Documents/ee-271/lab8/DE1_SoC.sv Line: 15
Warning (10036): Verilog HDL or VHDL warning at DE1_SoC.sv(15): object "led_g53" assigned a value but never read File: C:/Users/Anna/Documents/ee-271/lab8/DE1_SoC.sv Line: 15
Warning (10036): Verilog HDL or VHDL warning at DE1_SoC.sv(15): object "led_g54" assigned a value but never read File: C:/Users/Anna/Documents/ee-271/lab8/DE1_SoC.sv Line: 15
Warning (10036): Verilog HDL or VHDL warning at DE1_SoC.sv(15): object "led_g55" assigned a value but never read File: C:/Users/Anna/Documents/ee-271/lab8/DE1_SoC.sv Line: 15
Warning (10036): Verilog HDL or VHDL warning at DE1_SoC.sv(15): object "led_g56" assigned a value but never read File: C:/Users/Anna/Documents/ee-271/lab8/DE1_SoC.sv Line: 15
Warning (10036): Verilog HDL or VHDL warning at DE1_SoC.sv(15): object "led_g57" assigned a value but never read File: C:/Users/Anna/Documents/ee-271/lab8/DE1_SoC.sv Line: 15
Warning (10036): Verilog HDL or VHDL warning at DE1_SoC.sv(16): object "led_g60" assigned a value but never read File: C:/Users/Anna/Documents/ee-271/lab8/DE1_SoC.sv Line: 16
Warning (10036): Verilog HDL or VHDL warning at DE1_SoC.sv(16): object "led_g61" assigned a value but never read File: C:/Users/Anna/Documents/ee-271/lab8/DE1_SoC.sv Line: 16
Warning (10036): Verilog HDL or VHDL warning at DE1_SoC.sv(16): object "led_g62" assigned a value but never read File: C:/Users/Anna/Documents/ee-271/lab8/DE1_SoC.sv Line: 16
Warning (10036): Verilog HDL or VHDL warning at DE1_SoC.sv(16): object "led_g63" assigned a value but never read File: C:/Users/Anna/Documents/ee-271/lab8/DE1_SoC.sv Line: 16
Warning (10036): Verilog HDL or VHDL warning at DE1_SoC.sv(16): object "led_g64" assigned a value but never read File: C:/Users/Anna/Documents/ee-271/lab8/DE1_SoC.sv Line: 16
Warning (10036): Verilog HDL or VHDL warning at DE1_SoC.sv(16): object "led_g65" assigned a value but never read File: C:/Users/Anna/Documents/ee-271/lab8/DE1_SoC.sv Line: 16
Warning (10036): Verilog HDL or VHDL warning at DE1_SoC.sv(16): object "led_g66" assigned a value but never read File: C:/Users/Anna/Documents/ee-271/lab8/DE1_SoC.sv Line: 16
Warning (10036): Verilog HDL or VHDL warning at DE1_SoC.sv(16): object "led_g67" assigned a value but never read File: C:/Users/Anna/Documents/ee-271/lab8/DE1_SoC.sv Line: 16
Warning (10036): Verilog HDL or VHDL warning at DE1_SoC.sv(17): object "led_g75" assigned a value but never read File: C:/Users/Anna/Documents/ee-271/lab8/DE1_SoC.sv Line: 17
Warning (10036): Verilog HDL or VHDL warning at DE1_SoC.sv(17): object "led_g76" assigned a value but never read File: C:/Users/Anna/Documents/ee-271/lab8/DE1_SoC.sv Line: 17
Warning (10230): Verilog HDL assignment warning at DE1_SoC.sv(54): truncated value with size 128 to match size of target (8) File: C:/Users/Anna/Documents/ee-271/lab8/DE1_SoC.sv Line: 54
Info (12128): Elaborating entity "clock_divider" for hierarchy "clock_divider:divider" File: C:/Users/Anna/Documents/ee-271/lab8/DE1_SoC.sv Line: 37
Info (12128): Elaborating entity "LEDDriver" for hierarchy "LEDDriver:Driver" File: C:/Users/Anna/Documents/ee-271/lab8/DE1_SoC.sv Line: 58
Info (12128): Elaborating entity "pixel_selected" for hierarchy "pixel_selected:p_slct" File: C:/Users/Anna/Documents/ee-271/lab8/DE1_SoC.sv Line: 66
Warning (10230): Verilog HDL assignment warning at pixel_selected.sv(21): truncated value with size 32 to match size of target (9) File: C:/Users/Anna/Documents/ee-271/lab8/pixel_selected.sv Line: 21
Warning (10230): Verilog HDL assignment warning at pixel_selected.sv(36): truncated value with size 32 to match size of target (9) File: C:/Users/Anna/Documents/ee-271/lab8/pixel_selected.sv Line: 36
Info (12128): Elaborating entity "pixel_selected_coords" for hierarchy "pixel_selected:p_slct|pixel_selected_coords:psc" File: C:/Users/Anna/Documents/ee-271/lab8/pixel_selected.sv Line: 42
Warning (10230): Verilog HDL assignment warning at pixel_selected_coords.sv(16): truncated value with size 32 to match size of target (8) File: C:/Users/Anna/Documents/ee-271/lab8/pixel_selected_coords.sv Line: 16
Warning (10230): Verilog HDL assignment warning at pixel_selected_coords.sv(19): truncated value with size 32 to match size of target (8) File: C:/Users/Anna/Documents/ee-271/lab8/pixel_selected_coords.sv Line: 19
Warning (10230): Verilog HDL assignment warning at pixel_selected_coords.sv(32): truncated value with size 32 to match size of target (8) File: C:/Users/Anna/Documents/ee-271/lab8/pixel_selected_coords.sv Line: 32
Info (12128): Elaborating entity "pixel_norm" for hierarchy "pixel_norm:pn_00" File: C:/Users/Anna/Documents/ee-271/lab8/DE1_SoC.sv Line: 67
Info (12128): Elaborating entity "adjacent_lights_counter" for hierarchy "pixel_norm:pn_00|adjacent_lights_counter:alc" File: C:/Users/Anna/Documents/ee-271/lab8/pixel_norm.sv Line: 11
Warning (12241): 1 hierarchies have connectivity warnings - see the Connectivity Checks report folder
Info (286030): Timing-Driven Synthesis is running
Info (17049): 17 registers lost all their fanouts during netlist optimizations.
Info (144001): Generated suppressed messages file C:/Users/Anna/Documents/ee-271/lab8/output_files/DE1_SoC.map.smsg
Info (16010): Generating hard_block partition "hard_block:auto_generated_inst"
    Info (16011): Adding 0 node(s), including 0 DDIO, 0 PLL, 0 transceiver and 0 LCELL
Info (21057): Implemented 192 device resources after synthesis - the final resource count might be different
    Info (21058): Implemented 15 input pins
    Info (21059): Implemented 88 output pins
    Info (21061): Implemented 89 logic cells
Info: Quartus Prime Analysis & Synthesis was successful. 0 errors, 37 warnings
    Info: Peak virtual memory: 4827 megabytes
    Info: Processing ended: Wed May 31 12:28:34 2023
    Info: Elapsed time: 00:00:11
    Info: Total CPU time (on all processors): 00:00:23


+------------------------------------------+
; Analysis & Synthesis Suppressed Messages ;
+------------------------------------------+
The suppressed messages can be found in C:/Users/Anna/Documents/ee-271/lab8/output_files/DE1_SoC.map.smsg.


